Arguments: 
  /usr/bin/node /mnt/c/Program Files (x86)/Yarn/bin/yarn.js add express

PATH: 
  /usr/local/sbin:/usr/local/bin:/usr/sbin:/usr/bin:/sbin:/bin:/usr/games:/usr/local/games:/usr/lib/wsl/lib:/mnt/c/Python39/Scripts/:/mnt/c/Python39/:/mnt/c/WINDOWS/system32:/mnt/c/WINDOWS:/mnt/c/WINDOWS/System32/Wbem:/mnt/c/WINDOWS/System32/WindowsPowerShell/v1.0/:/mnt/c/WINDOWS/System32/OpenSSH/:/mnt/c/Program Files/nodejs/:/mnt/c/ProgramData/chocolatey/bin:/mnt/c/Program Files/Git/cmd:/mnt/c/Program Files/dotnet/:/mnt/c/Program Files (x86)/Yarn/bin/:/mnt/c/Users/NA/AppData/Local/Programs/Microsoft VS Code/bin:/mnt/c/Program Files/OpenJDK/openjdk-8u302-b08/bin:/mnt/c/Users/NA/AppData/Roaming/Python/Python39/Scripts:/mnt/c/Users/NA/AppData/Local/Yarn/bin:/mnt/c/Users/NA/AppData/Local/Android/Sdk/platform-tools:/mnt/c/Program Files/OpenSSL-Win64/bin:/mnt/c/Program Files/MongoDB/CLI/bin:/mnt/c/Program Files/heroku/bin:/mnt/c/Users/NA/AppData/Local/Programs/oh-my-posh/bin:/mnt/c/Users/NA/AppData/Local/Programs/oh-my-posh/themes:/mnt/c/Users/NA/AppData/Local/Microsoft/WindowsApps

Yarn version: 
  1.22.5

Node version: 
  16.13.0

Platform: 
  linux x64

Trace: 
  Error: https://registry.yarnpkg.com/express: ETIMEDOUT
      at Timeout._onTimeout (/mnt/c/Program Files (x86)/Yarn/lib/cli.js:141409:19)
      at listOnTimeout (node:internal/timers:557:17)
      at processTimers (node:internal/timers:500:7)

npm manifest: 
  {
    "name": "web-server",
    "version": "1.0.0",
    "main": "index.js",
    "license": "MIT"
  }

yarn manifest: 
  No manifest

Lockfile: 
  No lockfile
